<?xml version="1.0" encoding="UTF-8"?>
<!-- Generated by org.testng.reporters.JUnitXMLReporter -->
<testsuite hostname="LAPTOP-HRS2VRND" ignored="0" name="chrometest" tests="2" failures="0" timestamp="02 Jun 2020 06:29:31 GMT" time="29.793" errors="0">
  <testcase name="loginTest" time="5.374" classname="com.nopcommerce.testcases.TC_LoginTest_001"/>
  <testcase name="searchCustomerByEmail" time="11.109" classname="com.nopcommerce.testcases.TC_SearchCustomer_004"/>
</testsuite> <!-- chrometest -->
